\BOOKMARK [0][-]{chapter*.2}{\376\377\004\040\004\025\004\044\004\025\004\040\004\020\004\042}{}% 1
\BOOKMARK [0][-]{chapter*.4}{\376\377\004\036\004\021\004\036\004\027\004\035\004\020\004\047\004\025\004\035\004\030\004\057\000\040\004\030\000\040\004\041\004\036\004\032\004\040\004\020\004\051\004\025\004\035\004\030\004\057}{}% 2
\BOOKMARK [0][-]{chapter*.5}{\376\377\004\022\004\022\004\025\004\024\004\025\004\035\004\030\004\025}{}% 3
\BOOKMARK [0][-]{chapter.1}{\376\377\004\020\004\075\004\060\004\073\004\070\004\102\004\070\004\107\004\065\004\101\004\072\004\070\004\071\000\040\004\100\004\060\004\067\004\064\004\065\004\073}{}% 4
\BOOKMARK [1][-]{section.1.1}{\376\377\004\036\004\061\004\067\004\076\004\100\000\040\004\076\004\061\004\073\004\060\004\101\004\102\004\065\004\071\000\040\004\077\004\100\004\070\004\074\004\065\004\075\004\065\004\075\004\070\004\117\000\040\004\074\004\065\004\102\004\076\004\064\004\076\004\062\000\040\004\100\004\060\004\101\004\077\004\076\004\067\004\075\004\060\004\062\004\060\004\075\004\070\004\117\000\040\004\104\004\070\004\067\004\070\004\107\004\065\004\101\004\072\004\076\004\071\000\040\004\060\004\072\004\102\004\070\004\062\004\075\004\076\004\101\004\102\004\070\000\040\004\107\004\065\004\073\004\076\004\062\004\065\004\072\004\060}{chapter.1}% 5
\BOOKMARK [2][-]{subsection.1.1.1}{\376\377\004\021\004\065\004\067\004\076\004\077\004\060\004\101\004\075\004\076\004\101\004\102\004\114}{section.1.1}% 6
\BOOKMARK [2][-]{subsection.1.1.2}{\376\377\004\034\004\065\004\064\004\070\004\106\004\070\004\075\004\060}{section.1.1}% 7
\BOOKMARK [2][-]{subsection.1.1.3}{\376\377\004\037\004\100\004\076\004\070\004\067\004\062\004\076\004\064\004\101\004\102\004\062\004\076\000\040\004\070\000\040\004\076\004\061\004\100\004\060\004\067\004\076\004\062\004\060\004\075\004\070\004\065}{section.1.1}% 8
\BOOKMARK [1][-]{section.1.2}{\376\377\004\020\004\073\004\063\004\076\004\100\004\070\004\102\004\074\004\113\000\040\004\072\004\073\004\060\004\101\004\101\004\070\004\104\004\070\004\072\004\060\004\106\004\070\004\070}{chapter.1}% 9
\BOOKMARK [2][-]{subsection.1.2.1}{\376\377\004\034\004\065\004\102\004\076\004\064\000\040\004\021\004\060\004\071\004\065\004\101\004\060}{section.1.2}% 10
\BOOKMARK [2][-]{subsection.1.2.2}{\376\377\004\034\004\065\004\102\004\076\004\064\000\040\004\076\004\077\004\076\004\100\004\075\004\113\004\105\000\040\004\062\004\065\004\072\004\102\004\076\004\100\004\076\004\062}{section.1.2}% 11
\BOOKMARK [2][-]{subsection.1.2.3}{\376\377\004\034\004\065\004\102\004\076\004\064\000\040\000k\000-\004\061\004\073\004\070\004\066\004\060\004\071\004\110\004\070\004\105\000\040\004\101\004\076\004\101\004\065\004\064\004\065\004\071}{section.1.2}% 12
\BOOKMARK [2][-]{subsection.1.2.4}{\376\377\004\024\004\065\004\100\004\065\004\062\004\114\004\117\000\040\004\100\004\065\004\110\004\065\004\075\004\070\004\071}{section.1.2}% 13
\BOOKMARK [2][-]{subsection.1.2.5}{\376\377\004\034\004\065\004\102\004\076\004\064\000\040\004\101\004\073\004\103\004\107\004\060\004\071\004\075\004\076\004\063\004\076\000\040\004\073\004\065\004\101\004\060}{section.1.2}% 14
\BOOKMARK [1][-]{section.1.3}{\376\377\004\036\004\061\004\067\004\076\004\100\000\040\004\060\004\073\004\063\004\076\004\100\004\070\004\102\004\074\004\076\004\062\000\040\004\064\004\065\004\102\004\065\004\072\004\102\004\070\004\100\004\076\004\062\004\060\004\075\004\070\004\117\000\040\004\076\004\061\004\112\004\065\004\072\004\102\004\076\004\062\000\040\004\101\000\040\004\077\004\076\004\074\004\076\004\111\004\114\004\116\000\040\004\064\004\065\004\101\004\072\004\100\004\070\004\077\004\102\004\076\004\100\004\076\004\062}{chapter.1}% 15
\BOOKMARK [2][-]{subsection.1.3.1}{\376\377\004\020\004\073\004\063\004\076\004\100\004\070\004\102\004\074\000\040\000S\000I\000F\000T\000\040\000\050\004\074\004\060\004\101\004\110\004\102\004\060\004\061\004\075\004\076\000-\004\070\004\075\004\062\004\060\004\100\004\070\004\060\004\075\004\102\004\075\004\076\004\065\000\040\004\077\004\100\004\065\004\076\004\061\004\100\004\060\004\067\004\076\004\062\004\060\004\075\004\070\004\065\000\040\004\077\004\100\004\070\004\067\004\075\004\060\004\072\004\076\004\062\000\051}{section.1.3}% 16
\BOOKMARK [2][-]{subsection.1.3.2}{\376\377\004\020\004\073\004\063\004\076\004\100\004\070\004\102\004\074\000\040\000S\000U\000R\000F\000\040\000\050\004\103\004\101\004\072\004\076\004\100\004\065\004\075\004\075\004\060\004\117\000\040\004\075\004\060\004\064\004\065\004\066\004\075\004\060\004\117\000\040\004\104\004\103\004\075\004\072\004\106\004\070\004\117\000\051}{section.1.3}% 17
\BOOKMARK [2][-]{subsection.1.3.3}{\376\377\004\034\004\065\004\102\004\076\004\064\000\040\000R\000I\000F\000F\000\040\000\050\000R\000o\000t\000a\000t\000i\000o\000n\000\040\000I\000n\000v\000a\000r\000i\000a\000n\000t\000\040\000F\000a\000s\000t\000\040\000F\000e\000a\000t\000u\000r\000e\000s\000\051}{section.1.3}% 18
\BOOKMARK [2][-]{subsection.1.3.4}{\376\377\000H\000O\000G\000\040\000\050\004\023\004\070\004\101\004\102\004\076\004\063\004\100\004\060\004\074\004\074\004\060\000\040\004\075\004\060\004\077\004\100\004\060\004\062\004\073\004\065\004\075\004\075\004\113\004\105\000\040\004\063\004\100\004\060\004\064\004\070\004\065\004\075\004\102\004\076\004\062\000\051}{section.1.3}% 19
\BOOKMARK [1][-]{section.1.4}{\376\377\004\036\004\061\004\067\004\076\004\100\000\040\004\074\004\065\004\102\004\076\004\064\004\076\004\062\000\040\004\100\004\060\004\101\004\077\004\076\004\067\004\075\004\060\004\062\004\060\004\075\004\070\004\117\000\040\004\064\004\065\004\071\004\101\004\102\004\062\004\070\004\071\000\040\004\107\004\065\004\073\004\076\004\062\004\065\004\072\004\060}{chapter.1}% 20
\BOOKMARK [2][-]{subsection.1.4.1}{\376\377\004\037\004\100\004\076\004\101\004\102\004\100\004\060\004\075\004\101\004\102\004\062\004\065\004\075\004\075\004\076\000-\004\062\004\100\004\065\004\074\004\065\004\075\004\075\004\076\004\071\000\040\004\074\004\065\004\102\004\076\004\064}{section.1.4}% 21
\BOOKMARK [2][-]{subsection.1.4.2}{\376\377\004\041\004\102\004\076\004\105\004\060\004\101\004\102\004\070\004\107\004\065\004\101\004\072\004\070\004\071\000\040\004\074\004\065\004\102\004\076\004\064}{section.1.4}% 22
\BOOKMARK [2][-]{subsection.1.4.3}{\376\377\004\034\004\065\004\102\004\076\004\064\004\113\000,\000\040\004\076\004\101\004\075\004\076\004\062\004\060\004\075\004\075\004\113\004\065\000\040\004\075\004\060\000\040\004\077\004\100\004\060\004\062\004\070\004\073\004\060\004\105}{section.1.4}% 23
\BOOKMARK [2][-]{subsection.1.4.4}{\376\377\004\034\004\065\004\102\004\076\004\064\004\113\000,\000\040\004\076\004\101\004\075\004\076\004\062\004\060\004\075\004\075\004\113\004\065\000\040\004\075\004\060\000\040\004\104\004\076\004\100\004\074\004\065}{section.1.4}% 24
\BOOKMARK [1][-]{section.1.5}{\376\377\004\041\004\100\004\060\004\062\004\075\004\065\004\075\004\070\004\065\000\040\004\074\004\065\004\102\004\076\004\064\004\076\004\062}{chapter.1}% 25
\BOOKMARK [1][-]{section.1.6}{\376\377\004\022\004\113\004\061\004\076\004\100\000\040\004\064\004\060\004\075\004\075\004\113\004\105\000\040\004\064\004\073\004\117\000\040\004\076\004\061\004\103\004\107\004\065\004\075\004\070\004\117\000\040\004\074\004\076\004\064\004\065\004\073\004\070}{chapter.1}% 26
\BOOKMARK [2][-]{subsection.1.6.1}{\376\377\004\042\004\100\004\065\004\061\004\076\004\062\004\060\004\075\004\070\004\117}{section.1.6}% 27
\BOOKMARK [2][-]{subsection.1.6.2}{\376\377\004\041\004\102\004\100\004\103\004\072\004\102\004\103\004\100\004\060}{section.1.6}% 28
\BOOKMARK [0][-]{chapter.2}{\376\377\004\032\004\076\004\075\004\101\004\102\004\100\004\103\004\072\004\102\004\076\004\100\004\101\004\072\004\070\004\071\000\040\004\100\004\060\004\067\004\064\004\065\004\073}{}% 29
\BOOKMARK [1][-]{section.2.1}{\376\377\004\037\004\100\004\076\004\065\004\072\004\102\004\070\004\100\004\076\004\062\004\060\004\075\004\070\004\065\000\040\004\074\004\065\004\102\004\076\004\064\004\060\000\040\004\100\004\060\004\101\004\077\004\076\004\067\004\075\004\060\004\062\004\060\004\075\004\070\004\117}{chapter.2}% 30
\BOOKMARK [2][-]{subsection.2.1.1}{\376\377\000I\000D\000E\000F\0000}{section.2.1}% 31
\BOOKMARK [2][-]{subsection.2.1.2}{\376\377\004\037\004\100\004\065\004\064\004\076\004\061\004\100\004\060\004\061\004\076\004\102\004\072\004\060\000\040\004\062\004\070\004\064\004\065\004\076\004\100\004\076\004\073\004\070\004\072\004\060}{section.2.1}% 32
\BOOKMARK [2][-]{subsection.2.1.3}{\376\377\004\044\004\076\004\100\004\074\004\070\004\100\004\076\004\062\004\060\004\075\004\070\004\065\000\040\000H\000O\000G\000\040\004\064\004\065\004\101\004\072\004\100\004\070\004\077\004\102\004\076\004\100\004\060\000\040\004\062\004\070\004\064\004\065\004\076}{section.2.1}% 33
\BOOKMARK [2][-]{subsection.2.1.4}{\376\377\004\036\004\061\004\103\004\107\004\065\004\075\004\070\004\065\000\040\004\074\004\076\004\064\004\065\004\073\004\070}{section.2.1}% 34
\BOOKMARK [1][-]{section.2.2}{\376\377\004\035\004\060\004\061\004\076\004\100\000\040\004\064\004\060\004\075\004\075\004\113\004\105}{chapter.2}% 35
\BOOKMARK [0][-]{chapter.3}{\376\377\004\042\004\065\004\105\004\075\004\076\004\073\004\076\004\063\004\070\004\107\004\065\004\101\004\072\004\070\004\071\000\040\004\100\004\060\004\067\004\064\004\065\004\073}{}% 36
\BOOKMARK [1][-]{section.3.1}{\376\377\004\022\004\105\004\076\004\064\004\075\004\113\004\065\000\040\004\070\000\040\004\062\004\113\004\105\004\076\004\064\004\075\004\113\004\065\000\040\004\064\004\060\004\075\004\075\004\113\004\065}{chapter.3}% 37
\BOOKMARK [1][-]{section.3.2}{\376\377\004\022\004\113\004\061\004\076\004\100\000\040\004\117\004\067\004\113\004\072\004\060\000\040\004\077\004\100\004\076\004\063\004\100\004\060\004\074\004\074\004\070\004\100\004\076\004\062\004\060\004\075\004\070\004\117}{chapter.3}% 38
\BOOKMARK [1][-]{section.3.3}{\376\377\004\040\004\060\004\067\004\100\004\060\004\061\004\076\004\102\004\072\004\060\000\040\004\037\004\036}{chapter.3}% 39
\BOOKMARK [2][-]{subsection.3.3.1}{\376\377\004\034\004\076\004\064\004\103\004\073\004\114\000\040\004\077\004\100\004\065\004\064\004\076\004\061\004\100\004\060\004\061\004\076\004\102\004\072\004\070\000\040\004\064\004\060\004\075\004\075\004\113\004\105}{section.3.3}% 40
\BOOKMARK [2][-]{subsection.3.3.2}{\376\377\004\034\004\076\004\064\004\103\004\073\004\114\000\040\004\104\004\076\004\100\004\074\004\070\004\100\004\076\004\062\004\060\004\075\004\070\004\117\000\040\004\064\004\065\004\101\004\072\004\100\004\070\004\077\004\102\004\076\004\100\004\076\004\062}{section.3.3}% 41
\BOOKMARK [2][-]{subsection.3.3.3}{\376\377\004\034\004\076\004\064\004\103\004\073\004\114\000\040\004\076\004\061\004\103\004\107\004\065\004\075\004\070\004\117\000\040\004\074\004\076\004\064\004\065\004\073\004\070}{section.3.3}% 42
\BOOKMARK [1][-]{section.3.4}{\376\377\004\042\004\065\004\101\004\102\004\070\004\100\004\076\004\062\004\060\004\075\004\070\004\065\000\040\004\074\004\076\004\064\004\065\004\073\004\070}{chapter.3}% 43
\BOOKMARK [1][-]{section.3.5}{\376\377\004\037\004\076\004\073\004\114\004\067\004\076\004\062\004\060\004\102\004\065\004\073\004\114\004\101\004\072\004\070\004\071\000\040\004\070\004\075\004\102\004\065\004\100\004\104\004\065\004\071\004\101}{chapter.3}% 44
\BOOKMARK [0][-]{chapter.4}{\376\377\004\030\004\101\004\101\004\073\004\065\004\064\004\076\004\062\004\060\004\102\004\065\004\073\004\114\004\101\004\072\004\070\004\071\000\040\004\100\004\060\004\067\004\064\004\065\004\073}{}% 45
\BOOKMARK [1][-]{section.4.1}{\376\377\004\030\004\101\004\101\004\073\004\065\004\064\004\076\004\062\004\060\004\075\004\070\004\065\000\040\004\074\004\065\004\102\004\100\004\070\004\072\000\040\004\074\004\076\004\064\004\065\004\073\004\070\000\040\004\062\000\040\004\067\004\060\004\062\004\070\004\101\004\070\004\074\004\076\004\101\004\102\004\070\000\040\004\076\004\102\000\040\004\100\004\060\004\067\004\074\004\065\004\102\004\072\004\070\000\040\004\064\004\060\004\075\004\075\004\113\004\105}{chapter.4}% 46
\BOOKMARK [1][-]{section.4.2}{\376\377\004\030\004\101\004\101\004\073\004\065\004\064\004\076\004\062\004\060\004\075\004\070\004\065\000\040\004\100\004\065\004\067\004\103\004\073\004\114\004\102\004\060\004\102\004\076\004\062\000\040\004\100\004\060\004\101\004\077\004\076\004\067\004\075\004\060\004\062\004\060\004\075\004\070\004\117\000\040\004\074\004\076\004\064\004\065\004\073\004\070\000\040\004\062\000\040\004\067\004\060\004\062\004\070\004\101\004\070\004\074\004\076\004\101\004\102\004\070\000\040\004\076\004\102\000\040\004\072\004\076\004\075\004\102\004\100\004\060\004\101\004\102\004\075\004\076\004\101\004\102\004\070\000\040\004\062\004\070\004\064\004\065\004\076}{chapter.4}% 47
\BOOKMARK [1][-]{section.4.3}{\376\377\004\030\004\101\004\101\004\073\004\065\004\064\004\076\004\062\004\060\004\075\004\070\004\065\000\040\004\100\004\065\004\067\004\103\004\073\004\114\004\102\004\060\004\102\004\076\004\062\000\040\004\100\004\060\004\101\004\077\004\076\004\067\004\075\004\060\004\062\004\060\004\075\004\070\004\117\000\040\004\074\004\076\004\064\004\065\004\073\004\070\000\040\004\062\000\040\004\067\004\060\004\062\004\070\004\101\004\070\004\074\004\076\004\101\004\102\004\070\000\040\004\076\004\102\000\040\004\072\004\060\004\107\004\065\004\101\004\102\004\062\004\060\000\040\004\062\004\070\004\064\004\065\004\076}{chapter.4}% 48
\BOOKMARK [1][-]{section.4.4}{\376\377\004\022\004\113\004\062\004\076\004\064\004\113}{chapter.4}% 49
\BOOKMARK [0][-]{chapter*.28}{\376\377\004\027\004\020\004\032\004\033\004\056\004\047\004\025\004\035\004\030\004\025}{}% 50
\BOOKMARK [0][-]{chapter*.29}{\376\377\004\041\004\037\004\030\004\041\004\036\004\032\000\040\004\030\004\041\004\037\004\036\004\033\004\054\004\027\004\036\004\022\004\020\004\035\004\035\004\053\004\045\000\040\004\030\004\041\004\042\004\036\004\047\004\035\004\030\004\032\004\036\004\022}{}% 51
\BOOKMARK [0][-]{appendix.1.A}{\376\377\004\037\004\040\004\030\004\033\004\036\004\026\004\025\004\035\004\030\004\025\000\040}{}% 52
